Server is listening on port 3000
(node:21178) DeprecationWarning: collection.findAndModify is deprecated. Use findOneAndUpdate, findOneAndReplace or findOneAndDelete instead.
Updated WeatherDB
Updated WeatherDB
Updated WeatherDB
SM22f40aa67cf14cf1b3672c611bd36c22
SM3b404bbe6d354e148f8fd85c477ba650
SMbda78423c91f4fb08743704beae421a9
SMe108b06d8b9c4d6faa3ff3060fb860e5
SMc06f45a338cd41a9a19c11d557c89f13
SMc1b740b8f66548dbb057de4ffacf77ca
SM0fe97971947d4d4c9cd6baddd7ebf840
Updated WeatherDB
SM944809688e6947f8ad1fd68ebb31db40
SM604aa27919ad463c8edcfe27a30423f8
SM2ccb443fc7194a3db46d39a6b1e8e8c2
SM44a3d8e8d0194526a8f5437eafa1fb05
SMf0dcd17e4b6a4335ba10766dbe09b903
SMd2b1285f86cf43f697ddba345a0e9ab7
SMc2c3e37aefa9403d8c7b25a0f41f52bc
SM64c2776c36444d65a75d26d26c7f0f96
SM298ca7a7e3e046b8a113bd12f00ad25c
SMcc4fa6718cf34629a8a717a275c94084
Updated WeatherDB
Updated WeatherDB
Updated WeatherDB
Updated WeatherDB
Updated WeatherDB
Updated WeatherDB
Updated WeatherDB
Updated WeatherDB
Updated WeatherDB
Updated WeatherDB
Updated WeatherDB
Updated WeatherDB
Updated WeatherDB
Updated WeatherDB
Updated WeatherDB
Updated WeatherDB
Updated WeatherDB
Updated WeatherDB
Updated WeatherDB
Updated WeatherDB
Updated WeatherDB
Updated WeatherDB
Updated WeatherDB
Updated WeatherDB
Updated WeatherDB
Updated WeatherDB
Updated WeatherDB
Updated WeatherDB
Updated WeatherDB
Updated WeatherDB
Updated WeatherDB
Updated WeatherDB
Updated WeatherDB
Updated WeatherDB
Updated WeatherDB
Updated WeatherDB
Updated WeatherDB
Updated WeatherDB
Updated WeatherDB
Updated WeatherDB
Updated WeatherDB
Updated WeatherDB
Updated WeatherDB
Updated WeatherDB
Updated WeatherDB
Updated WeatherDB
Updated WeatherDB
Updated WeatherDB
Updated WeatherDB
Updated WeatherDB
Updated WeatherDB
Updated WeatherDB
Updated WeatherDB
Updated WeatherDB
Updated WeatherDB
Updated WeatherDB
Updated WeatherDB
Updated WeatherDB
Updated WeatherDB
Updated WeatherDB
Updated WeatherDB
Updated WeatherDB
Updated WeatherDB
Updated WeatherDB
Updated WeatherDB
Updated WeatherDB
Updated WeatherDB
Updated WeatherDB
Updated WeatherDB
Updated WeatherDB
Updated WeatherDB
Updated WeatherDB
Updated WeatherDB
Updated WeatherDB
Updated WeatherDB
Updated WeatherDB
Updated WeatherDB
Updated WeatherDB
Updated WeatherDB
Updated WeatherDB
Updated WeatherDB
Updated WeatherDB
Updated WeatherDB
Updated WeatherDB
SMe07064e4b5ba42b995e072cdbf6986c2
Updated WeatherDB
SMa141937a24ef419bbafe518deea9411e
Updated WeatherDB
Updated WeatherDB
Updated WeatherDB
Updated WeatherDB
Updated WeatherDB
Updated WeatherDB
Updated WeatherDB
Updated WeatherDB
Updated WeatherDB
Updated WeatherDB
Updated WeatherDB
Updated WeatherDB
Updated WeatherDB
Updated WeatherDB
Updated WeatherDB
Updated WeatherDB
Updated WeatherDB
Updated WeatherDB
Updated WeatherDB
Updated WeatherDB
Updated WeatherDB
Updated WeatherDB
Updated WeatherDB
Updated WeatherDB
Updated WeatherDB
Updated WeatherDB
Updated WeatherDB
Updated WeatherDB
Updated WeatherDB
Updated WeatherDB
Updated WeatherDB
Updated WeatherDB
Updated WeatherDB
Updated WeatherDB
Updated WeatherDB
Updated WeatherDB
Updated WeatherDB
Updated WeatherDB
Updated WeatherDB
Updated WeatherDB
Updated WeatherDB
Updated WeatherDB
Updated WeatherDB
Updated WeatherDB
Updated WeatherDB
Updated WeatherDB
Updated WeatherDB
Updated WeatherDB
Updated WeatherDB
Updated WeatherDB
Updated WeatherDB
Updated WeatherDB
Updated WeatherDB
Updated WeatherDB
Updated WeatherDB
Updated WeatherDB
Updated WeatherDB
Updated WeatherDB
Updated WeatherDB
Updated WeatherDB
Updated WeatherDB
Updated WeatherDB
Updated WeatherDB
Updated WeatherDB
Updated WeatherDB
Updated WeatherDB
Updated WeatherDB
Updated WeatherDB
Updated WeatherDB
Updated WeatherDB
Updated WeatherDB
Updated WeatherDB
Updated WeatherDB
Updated WeatherDB
Updated WeatherDB
Updated WeatherDB
Updated WeatherDB
Updated WeatherDB
Updated WeatherDB
Updated WeatherDB
Updated WeatherDB
Updated WeatherDB
Updated WeatherDB
Updated WeatherDB
Updated WeatherDB
Updated WeatherDB
Updated WeatherDB
Updated WeatherDB
Updated WeatherDB
Updated WeatherDB
Updated WeatherDB
Updated WeatherDB
Updated WeatherDB
Updated WeatherDB
Updated WeatherDB
Updated WeatherDB
Updated WeatherDB
Updated WeatherDB
Updated WeatherDB
Updated WeatherDB
Updated WeatherDB
Updated WeatherDB
Updated WeatherDB
Updated WeatherDB
Updated WeatherDB
Updated WeatherDB
Updated WeatherDB
Updated WeatherDB
Updated WeatherDB
Updated WeatherDB
Updated WeatherDB
Updated WeatherDB
Updated WeatherDB
Updated WeatherDB
Updated WeatherDB
Updated WeatherDB
Updated WeatherDB
Updated WeatherDB
Updated WeatherDB
Updated WeatherDB
Updated WeatherDB
Updated WeatherDB
Updated WeatherDB
Updated WeatherDB
Updated WeatherDB
Updated WeatherDB
Updated WeatherDB
Updated WeatherDB
Updated WeatherDB
Updated WeatherDB
Updated WeatherDB
Updated WeatherDB
Updated WeatherDB
Updated WeatherDB
Updated WeatherDB
Updated WeatherDB
Updated WeatherDB
Updated WeatherDB
Updated WeatherDB
Updated WeatherDB
Updated WeatherDB
Updated WeatherDB
Updated WeatherDB
Updated WeatherDB
Updated WeatherDB
Updated WeatherDB
Updated WeatherDB
Updated WeatherDB
Updated WeatherDB
Updated WeatherDB
Updated WeatherDB
SMb7ce2140070244a0bc18b438ec82c287
Server is listening on port 3000
(node:15152) DeprecationWarning: collection.findAndModify is deprecated. Use findOneAndUpdate, findOneAndReplace or findOneAndDelete instead.
Updated WeatherDB
Updated WeatherDB
Updated WeatherDB
Updated WeatherDB
Server is listening on port 3000
(node:4401) DeprecationWarning: collection.findAndModify is deprecated. Use findOneAndUpdate, findOneAndReplace or findOneAndDelete instead.
Updated WeatherDB
Updated WeatherDB
Updated WeatherDB
Updated WeatherDB
Server is listening on port 3000
(node:3826) DeprecationWarning: collection.findAndModify is deprecated. Use findOneAndUpdate, findOneAndReplace or findOneAndDelete instead.
Updated WeatherDB
Updated WeatherDB
Updated WeatherDB
Updated WeatherDB
Updated WeatherDB
Updated WeatherDB
Updated WeatherDB
Updated WeatherDB
Updated WeatherDB
SM4a96830ba2b8461795e2461727f2c4fe
SMc82d5c19680a4defa699a93577874f92
Updated WeatherDB
Updated WeatherDB
Updated WeatherDB
Updated WeatherDB
Updated WeatherDB
Updated WeatherDB
Updated WeatherDB
Updated WeatherDB
Updated WeatherDB
Updated WeatherDB
Updated WeatherDB
Updated WeatherDB
SM00f69ab6cbcd472ab244ff2e92c4f94d
SM58fe910b2f474cf8b1f0109cf87c41b8
SMc51f112542cd4d558b7e2be30bb74ead
SM7532c1459ccc48c19f5eaf28c84e556a
SM24a43895dfbf4f45adccf87a00274cd6
SMf70f1a57c1f14ba9aa885fc335baa13f
SM574e6462df084084ace89971bc5bba1e
SMcdb75cd48e0e490a9936949cd491ebc4
SMedac47b8e33940d2b1f394103342eccb
SM26d818c962274d1bb9604f57b3dd8e14
SM679ee3b4abe140abaababba7005956b9
SM66c62335b7ae4e64bbe09d367169e537
SM9f400f89e0a646e1b435711e4ca0c1ac
SMa8a6c97e574149a2b15d81f6ccb8c5be
SM46da0df4302f440db11b0d21076dc989
SM6c96948315ca456481fcb8006b067e22
SM69a383e5520c4dc78482974cd1adb21f
SM4579d2c45fd44691b7f48289ced054d1
SMc36884574abe41a692384cb8e745abb0
SM38593b5d142e43a7837a6733b9e3f1ca
SM26c9fe28c5984082b4c774dcff3e1331
SM22ba0d6d861243cbaeb1f69e422a8c13
SM06408623bf4343609b4f5dfc5c4d2aca
SM1b5df67ceef1425aa276fc3c081df119
SMd698023b726c441f94e635b10ad064a7
SM99f63b05cb4740c3ad1e8f379f22238f
SM28b0d98c3af14804b0288eb02f4c4d24
SMf0badaf887db42538b2f97631a4cf98e
SM4b6ebc5a20174a2aa2ef10279f13b7cb
SM6d80dbbb7bfc4e458b9a2fe364b36569
SMf47b9fd5e3bd4e0fa37cbbef29a7d050
SM6c34c311a6974d3ba52c81c5262deca3
SMc806abb12b714076a13f978deb069185
SMf17f30b928d941c8bc94aab57c704130
SM12e2184b28ee463d92bd75b97a77c40a
SMc2a36fbcbe0c427e90338447025b054e
SM58624b87d5f64be2994317a7235fa729
SM22c4fbc3cda54d4bb22a6ca75e0ad83e
SMe8e15fd9641942d49fad5d5bb76d8e39
SM6abc4c7b2b3a464e9bea5d62f1c79171
SM3c97d6526911476db6106866be09a6d6
SMe0c06b4814fa49a7b4f1791b46190a60
SM82b1a222e68f416caf41b539493aaa2e
SM850db0e003af4c348e34ddb7b8674ec1
SM480df36e51984144b2e7d9c0b0af6043
SM87b7cfce66244c02aef0642323238b60
SM3b5bc90251e1407ba003c7691fb60d0a
SM3c9d81d487a64be4a64231adf923b37d
SM41ac6b593a684391af83c28955d830b2
SM3b993596ff034c23af34db03215e060d
SMc2381b5646fd41f89aa5673d919e93d9
SMe038c157cab641718e34ee34b2d287be
SM87e47a0643a044b685977d9c1a702765
SMdf4c7444acfb4dfb9c6a47f85f1a969c
SM8686511799ef4f3c93795c92df9da45a
SMc679d84faada48a093f44d6c90ebd3fd
SM54bcfdaa0d75402f925e182d1c1cebd6
SM25bafe5cb0f2484cb456867b25be0d2e
SM4a6cd23ee164443796d410e1c9d6ce8b
SM7911ea17717744b4864c690c2dded72e
SM16888edd86384441ac288f49e86ec135
SM252ef1a85dd64151b7a2ad30a087b9c7
SM807a5ab7cca84012908226efa781ffbc
SMfa8b6e9b9bf3425ea80fd238a59981c4
SM42fb5e00908c44a88e369875ea5cb5dc
SM3434dc7f71824e60bc7e035bf671b87f
SM0425afdcaa4f47e2871c1322cdc40bb5
SM766419a0919541a7951a5ea4e0e31bca
SM46466656b50c4b89ae65fa79651faebb
SM423506153112463ea5ed6343843be331
SMdd1414a5a3a7465b8d1132876d00a9c3
SM726dca3c2a604a6ea5d65e0bd433e935
SM14fd8a7e0d724102b4f99deef5fdca8a
SMb1db1d59f0b94ac6a59e868067868ae1
SMd27d1de40833472ba20845728ce9e37b
SMc629ab682ec548fa8a287934f0ac42b6
SMd7cf2bfaf78a4cb4b5099db6bbf5a706
SM88912df988bb471ab004665ab5125190
SM387ecf4a05074e3abdee799695041334
SMe41840da7e944abab9275ca5a3161159
SM1fd51c1526564faa82a0466b49df9854
SMe0a7aab5ae5d46af90e8f04f6faef5de
SM4240f6a2c4b34ed9a20ac34a206994db
SMb20fbe2ecef7421281434eb70caa7c88
SMd814af2d73f84e2e966eeaa24f72ef32
SMf329b762659e4580b8cc9a60e1688666
SM3984955ee11b4b04b39fe7323d201edb
SM83faeb0c98be409eba310283696ff3d4
SM5308ea7a312847869ee09c0b260fe099
SM8e1c6ea330da4c819bb9e6b1f3151817
SMa0c28bf22477487eb4d17ddb5d278b09
SM32c234ccdee448a386167f15b5985b40
SM7a4856f49d6a44ce8583634f26e364fe
SM00b773aae0124db48c35f3c26ce61d41
SM5331e3f1919c458788522f509b3ef5cb
SM2240d6c80bac4302b7a4f77725c8459e
SMba4178b156004caf9bd0587a08d6a64b
SM72e7705e6aaa45e89ea407f0cfed2cbf
SM2016fa82c54a4c6b8e40ee960e3656a1
SM7eef242fcb004f2b82d965acc6bc5708
SMdcd5040deaeb4e97a9a6d92ace282f30
SMe01ce0dd0a87439d8319c236ec29fc94
SM7db44ca424344d0ca5bb2bff4284846f
SM8cf37f151f484d06bc0b415708055537
SMb8f5ff8f06a24968a0d8c57f17c15c0f
SM59b649dbcc014de69c0572cd8397474d
SMd8e7f12eda1147d4a23fc21283fc065c
SMb342c7cac9764d4f9e86e997c191cc71
SMc9c65d7ce5584f09bb444897f81fe94d
SM240d27683d1540c0972fa56910a3f1c6
SM3f8009b68ccb4be4b3fa3688f4d2a6f8
SMb5dcab84387c416daeb99e095b3f420a
SM9c8c7a0cd72b4a25ac95830a0e794b53
SM1ffbcb21614246acbc93c2ca1c8640a8
SMb31258fbbcd844269696d6935cea4043
SM74164f8b170e4a6f9db0dc69e408ecbb
SMb1faca17a63540ee8089b1cf4b6a3cda
SM0ccd0fe49ee44357bcd57b0164c9f188
SMa616196e341c4460aa8ca4a6fc239f25
SMd8f4f0e36d364fbaa809c53f061f8f3d
SMc5507852083a4389a0b075a98b0c6c52
SMdb92681056a44c7c9b0302652bec9918
SMa842fcdb0e2a467a905ebbf5f1e21f3e
SMf07e40fd57594ab0b83bd1b403bf09db
SMc4846ed8f535475aa90bce94056f44de
SMbc1fe8b00224484d903180c5930e74bf
SMb6ecea617fcb42188be9ef18ed5c4fba
SM34c783cf793e45d0bfd951e9536b7787
SM91ccc8dc09f1469bb14c6cdc2345431a
SM67f2742d4a3f490682ffb9719093819a
SMab58f6f8c723489489d75adf2c217885
SM57986620f8524f4991098f691b13cc5d
SM8f83daec115549e7a7e609b17f2c49dd
SMe2d401e046c0488d97de8e7a59d578c3
SM49d6b2d08b004299a01a1ef2126c2af5
SMba3c8c251d5c49789fe4c730f70f8443
SMbd17284b14d342d7ac6bb19a0a5a6512
SMb8665ba91f41466f8df311aea526bcf3
SM10f7e8783a2846129f6e3526e9f1aec1
SMd99aba56324d4df8a95a83aab3b13edd
SMadb8d3768a06470e96286c2965eedc07
SM5f01dcbf856a424f81f75c3175e65598
SMc9938d58342e441daa5fd749edd9c758
SMc7abf5d191694742a409f25ad80b0d1d
SM1aac38ec6d6d4267a3800d613a809374
SM120ba83cac2948efac7bc8ef78568dbc
SMab686a77aa084453a5d5bf23b7e9fac7
SM2dc058acedfb43db93d270836af63620
SMf862587a5cfa4230a28002f66c8414a0
SM67e2aae6f5974389887dfe9cd1c9e66e
SM834183b536784583a4cfbfd6ee788afe
SM1f9364f037614a9f83fc92bb5908bccf
SM3cbd8f1558e74b28a7ff2c36f4779a05
SM9dc13f31eba841c7a410e57df60aacee
SMf11bba87c7b1411ebc59954184adb0ba
SM92ac970416b348f4922f3caf6f50f461
SM0cc05e70b5a04ad6ad504723cd0e5805
SM1b5dff6d20bb4b9fabddae2d4a5d6380
SM5bb390c36e704684a8cf2d708c8efcf3
SM049a26f9965e479c9083976f12c39dd5
SM9634e6ce84ec4d35b8f3a3bb58fbdcb3
SM568c97682e9c4e419b26297147b3beb9
SM785832abbe5c4a20aad4de12d5f9ab5d
SMcad81fe9cbc9454bb440aadef47ce90c
SM4e638a072e3d4d0e86dbee6a86c9108d
SM52854c08ff574b68bb2e2bc2e7087793
SM8792d3127f524c8d83fed25f55f047c8
SMaefcdd5591ef44d29ede0c0a0dc98d9e
SMf37204ac0dd34665aafadaba3a3d2410
SM8fa7f6577cc44767ab4a562d1886cb7d
SMe991857015904b6aadb43c9bcdef20e7
SM8d0f374f18d9455e9efc79781762d2ed
SM1dc234089ab347fdb3761514f125e111
SM567e367e02194d6d8ede72dfca6459ac
SM3bc7c07fb233477fb559b4642914c7ff
SMe0800fdb49c04ea98700dd791371d441
SM6f45745ae04343d78c3cbf447c9739e2
SMf77ff14fbacc4f0ab6e6999d19567407
SM853ad271efc248ae8c13189586474c74
SMd641873fa25c4e759ef4e54782512648
SM170c3d6ff9ab4d3fa342b751f473e6b3
SM51177743ff8047d1b9eb6f2b8835c2f0
SM55f493ecd70e4030a39873f311bd6b19
SM7013c74ec42f4008b71a10cc3e75ac53
SM8eaa3686bf8b43cc92a57c0a9434e05f
SMbbc2cde6963e40a39bdc650d8debc56a
SM35e7c01c719e484f962203a35f686bc7
SM7958dcc1eda94081b5448d9a81fa23e3
SM59205df670f04257a4ddaba3a299efeb
SM844fead4812347fca0de5483e2011359
SMa1ab8e6f8a6c41b1bfe08c159292cc63
SM699b2cf5a18b4fc6af56681e2411ca5b
SM1baaf6ace9ef49469239847ca17559fd
SMa0c6962cf9de40cb819274d081ca8a44
SM4af8171cac0643e2accc290315d54703
SM3a28887ef36344daa33c32ca09d76a98
SMc8f01830a18348289b28ad83f63f3736
SM3454329f30b949499245d09954b9c9c4
SM8aa72605057544d2bef60a111ece3657
SM8ce35510577846f5b45b331a2392d2d1
SMf54758881c7c409e8771efee3886d2a9
SM3ce2686266e240e19fd36372e1beabc4
SMa5c53cae253d46a19c52db8b4b1b38b1
SM39605fba286648aebefd8c9085edcc80
SM3403311ba43b47179912c45302ab4bd7
SMebcc8949be1946cd8fbe21dedb1cc69a
SM1ebb3d8396f549ebaa8bd8f1f0a5fdf0
SM49c3d3c2c2d7444fa45e1c2146c69f21
/home/ubuntu/SSAD/node_modules/q/q.js:876
    throw error;
    ^

Error: ETIMEDOUT
    at Timeout._onTimeout (/home/ubuntu/SSAD/node_modules/request/request.js:849:19)
    at ontimeout (timers.js:386:14)
    at tryOnTimeout (timers.js:250:5)
    at Timer.listOnTimeout (timers.js:214:5)
